TN:
SF:src/filthypeasants.sol
DA:51,39
FN:51,FilthyPeasants.constructor
FNDA:39,FilthyPeasants.constructor
DA:61,39
DA:62,39
DA:63,39
DA:66,12
FN:66,FilthyPeasants.mint
FNDA:12,FilthyPeasants.mint
DA:67,12
BRDA:67,0,0,-
BRDA:67,0,1,12
DA:68,12
BRDA:68,1,0,-
BRDA:68,1,1,12
DA:69,12
BRDA:69,2,0,-
BRDA:69,2,1,12
DA:70,12
BRDA:70,3,0,-
BRDA:70,3,1,12
DA:72,12
DA:75,0
FN:75,FilthyPeasants.tokenURI
FNDA:0,FilthyPeasants.tokenURI
DA:76,0
BRDA:76,4,0,-
BRDA:76,4,1,-
DA:78,0
DA:79,0
DA:84,39
FN:84,FilthyPeasants.setCost
FNDA:39,FilthyPeasants.setCost
DA:85,39
DA:88,6
FN:88,FilthyPeasants.setPaused
FNDA:6,FilthyPeasants.setPaused
DA:89,6
DA:92,39
FN:92,FilthyPeasants.setMaxMintAmountPerTx
FNDA:39,FilthyPeasants.setMaxMintAmountPerTx
DA:93,39
DA:96,0
FN:96,FilthyPeasants.setUriPrefix
FNDA:0,FilthyPeasants.setUriPrefix
DA:97,0
DA:100,0
FN:100,FilthyPeasants.setUriSuffix
FNDA:0,FilthyPeasants.setUriSuffix
DA:101,0
DA:104,0
FN:104,FilthyPeasants._baseURI
FNDA:0,FilthyPeasants._baseURI
DA:105,0
DA:108,96
FN:108,FilthyPeasants._startTokenId
FNDA:96,FilthyPeasants._startTokenId
DA:109,96
DA:112,0
FN:112,FilthyPeasants.withdraw
FNDA:0,FilthyPeasants.withdraw
DA:113,0
DA:114,0
BRDA:114,5,0,-
BRDA:114,5,1,-
FNF:11
FNH:6
LF:31
LH:18
BRF:12
BRH:4
end_of_record
TN:
SF:src/gigacity.sol
DA:76,39
FN:76,GigaCity.constructor
FNDA:39,GigaCity.constructor
DA:82,39
DA:83,39
DA:90,2
FN:90,GigaCity.implant
FNDA:2,GigaCity.implant
DA:92,2
BRDA:92,0,0,-
DA:94,2
DA:101,78
FN:101,GigaCity._startTokenId
FNDA:78,GigaCity._startTokenId
DA:102,78
DA:105,0
FN:105,GigaCity._baseURI
FNDA:0,GigaCity._baseURI
DA:106,0
DA:109,0
FN:109,GigaCity.tokenURI
FNDA:0,GigaCity.tokenURI
DA:110,0
BRDA:110,1,0,-
DA:112,0
DA:113,0
DA:122,0
FN:122,GigaCity.setBaseURI
FNDA:0,GigaCity.setBaseURI
DA:123,0
DA:126,0
FN:126,GigaCity.setURISuffix
FNDA:0,GigaCity.setURISuffix
DA:127,0
DA:130,0
FN:130,GigaCity.setCountdown
FNDA:0,GigaCity.setCountdown
DA:131,0
DA:143,1
FN:143,GigaCity.owner
FNDA:1,GigaCity.owner
DA:144,1
DA:151,0
FN:151,GigaCity.withdraw
FNDA:0,GigaCity.withdraw
DA:152,0
DA:153,0
BRDA:153,2,0,-
DA:160,0
FN:160,GigaCity.supportsInterface
FNDA:0,GigaCity.supportsInterface
DA:171,0
FNF:11
FNH:4
LF:27
LH:10
BRF:3
BRH:0
end_of_record
TN:
SF:src/memorychip.sol
DA:139,39
FN:139,MemoryChip.constructor
FNDA:39,MemoryChip.constructor
DA:147,39
DA:148,39
DA:149,39
DA:156,4
FN:156,MemoryChip.implant
FNDA:4,MemoryChip.implant
DA:158,4
BRDA:158,0,0,1
DA:165,3
DA:167,2
DA:169,2
DA:176,34
FN:176,MemoryChip._isWithinSupply
FNDA:34,MemoryChip._isWithinSupply
DA:178,34
BRDA:178,1,0,4
DA:181,22
FN:181,MemoryChip._isWithinWalletLimit
FNDA:22,MemoryChip._isWithinWalletLimit
DA:183,22
BRDA:183,2,0,3
DA:186,18
FN:186,MemoryChip._hasEnoughCash
FNDA:18,MemoryChip._hasEnoughCash
DA:188,18
BRDA:188,3,0,4
DA:196,11
FN:196,MemoryChip.mintTreasury
FNDA:11,MemoryChip.mintTreasury
DA:198,10
DA:200,8
DA:208,7
FN:208,MemoryChip.mintFilthy
FNDA:7,MemoryChip.mintFilthy
DA:210,7
BRDA:210,4,0,1
DA:218,6
BRDA:218,5,0,1
DA:220,5
BRDA:220,6,0,1
DA:222,4
DA:224,4
DA:226,4
DA:234,10
FN:234,MemoryChip.mintCorpo
FNDA:10,MemoryChip.mintCorpo
DA:236,10
BRDA:236,7,0,1
DA:238,9
DA:240,8
DA:242,6
DA:243,6
BRDA:243,8,0,1
DA:245,5
DA:247,3
DA:254,16
FN:254,MemoryChip.mintBot
FNDA:16,MemoryChip.mintBot
DA:256,16
BRDA:256,9,0,1
DA:258,15
DA:260,14
DA:262,13
DA:264,11
DA:271,2
FN:271,MemoryChip.chipsImplanted
FNDA:2,MemoryChip.chipsImplanted
DA:272,2
DA:275,3
FN:275,MemoryChip.totalChipsImplanted
FNDA:3,MemoryChip.totalChipsImplanted
DA:276,3
DA:279,3
FN:279,MemoryChip.peasantMinted
FNDA:3,MemoryChip.peasantMinted
DA:280,3
DA:283,2
FN:283,MemoryChip.totalPeasantsMinted
FNDA:2,MemoryChip.totalPeasantsMinted
DA:284,2
DA:291,124
FN:291,MemoryChip._startTokenId
FNDA:124,MemoryChip._startTokenId
DA:292,124
DA:295,4
FN:295,MemoryChip._baseURI
FNDA:4,MemoryChip._baseURI
DA:296,4
DA:299,5
FN:299,MemoryChip.tokenURI
FNDA:5,MemoryChip.tokenURI
DA:300,5
BRDA:300,10,0,1
DA:302,4
DA:303,4
DA:312,39
FN:312,MemoryChip.setBaseURI
FNDA:39,MemoryChip.setBaseURI
DA:313,39
DA:316,39
FN:316,MemoryChip.setURISuffix
FNDA:39,MemoryChip.setURISuffix
DA:317,39
DA:320,39
FN:320,MemoryChip.setGigaCityContract
FNDA:39,MemoryChip.setGigaCityContract
DA:321,38
DA:324,37
FN:324,MemoryChip.setCorpoRoot
FNDA:37,MemoryChip.setCorpoRoot
DA:325,37
DA:328,39
FN:328,MemoryChip.setMaxMintPerAddress
FNDA:39,MemoryChip.setMaxMintPerAddress
DA:329,38
DA:332,39
FN:332,MemoryChip.setMintPrice
FNDA:39,MemoryChip.setMintPrice
DA:333,38
DA:336,9
FN:336,MemoryChip.toggleCorpoMint
FNDA:9,MemoryChip.toggleCorpoMint
DA:337,8
DA:340,13
FN:340,MemoryChip.toggleBotMint
FNDA:13,MemoryChip.toggleBotMint
DA:341,12
DA:344,6
FN:344,MemoryChip.toggleImplant
FNDA:6,MemoryChip.toggleImplant
DA:345,5
DA:348,9
FN:348,MemoryChip.toggleFilthyMint
FNDA:9,MemoryChip.toggleFilthyMint
DA:349,8
DA:352,4
FN:352,MemoryChip.openBusiness
FNDA:4,MemoryChip.openBusiness
DA:353,3
DA:364,3
FN:364,MemoryChip.owner
FNDA:3,MemoryChip.owner
DA:365,292
DA:372,2
FN:372,MemoryChip.withdraw
FNDA:2,MemoryChip.withdraw
DA:373,1
DA:374,1
BRDA:374,11,0,-
DA:381,1
FN:381,MemoryChip.supportsInterface
FNDA:1,MemoryChip.supportsInterface
DA:392,1
DA:396,2
FN:396,MemoryChip.transferFrom
FNDA:2,MemoryChip.transferFrom
DA:401,4
BRDA:401,12,0,1
DA:402,3
DA:405,2
FN:405,MemoryChip.safeTransferFrom
FNDA:2,MemoryChip.safeTransferFrom
DA:410,2
BRDA:410,13,0,1
DA:411,1
DA:414,2
FN:414,MemoryChip.safeTransferFrom
FNDA:2,MemoryChip.safeTransferFrom
DA:420,3
BRDA:420,14,0,1
DA:421,2
FNF:33
FNH:33
LF:93
LH:93
BRF:15
BRH:14
end_of_record
TN:
SF:test/_deploySetup.sol
DA:28,39
FN:28,DeploySetup.setUp
FNDA:39,DeploySetup.setUp
DA:29,39
DA:31,39
DA:32,39
DA:33,39
DA:35,39
DA:36,39
DA:37,39
DA:38,39
DA:41,39
DA:42,39
DA:43,39
FNF:1
FNH:1
LF:12
LH:12
BRF:0
BRH:0
end_of_record
TN:
SF:test/_mcSetup.sol
DA:8,37
FN:8,MCSetup.setUp
FNDA:37,MCSetup.setUp
DA:9,37
DA:14,37
DA:15,37
DA:18,37
DA:19,37
DA:24,37
DA:25,37
DA:28,37
DA:31,37
DA:34,37
DA:37,0
FN:37,MCSetup.getProof
FNDA:0,MCSetup.getProof
DA:39,7
DA:40,7
DA:44,7
BRDA:44,0,0,5
BRDA:44,0,1,-
DA:45,5
DA:46,5
DA:47,2
BRDA:47,1,0,2
BRDA:47,1,1,-
DA:48,2
DA:49,2
DA:52,0
DA:56,37
FN:56,MCSetup._hashPair
FNDA:37,MCSetup._hashPair
DA:57,37
FNF:3
FNH:2
LF:23
LH:21
BRF:4
BRH:2
end_of_record
